<?xml version="1.0" encoding="UTF-8"?>
<testng-results ignored="0" total="1" passed="1" failed="0" skipped="0">
  <reporter-output>
  </reporter-output>
  <suite started-at="2025-07-31T12:58:34 IST" name="Suite" finished-at="2025-07-31T12:58:58 IST" duration-ms="23879">
    <groups>
    </groups>
    <test started-at="2025-07-31T12:58:34 IST" name="Test" finished-at="2025-07-31T12:58:58 IST" duration-ms="23879">
      <class name="com.facebook.tests.LoginTest">
        <test-method signature="a()[pri:0, instance:com.facebook.tests.LoginTest@3f191845]" started-at="2025-07-31T12:58:34 IST" name="a" finished-at="2025-07-31T12:58:56 IST" duration-ms="21665" status="PASS">
          <reporter-output>
          </reporter-output>
        </test-method> <!-- a -->
        <test-method is-config="true" signature="closeLoginPage()[pri:0, instance:com.facebook.tests.LoginTest@3f191845]" started-at="2025-07-31T12:58:56 IST" name="closeLoginPage" finished-at="2025-07-31T12:58:58 IST" duration-ms="2135" status="PASS">
          <reporter-output>
          </reporter-output>
        </test-method> <!-- closeLoginPage -->
      </class> <!-- com.facebook.tests.LoginTest -->
    </test> <!-- Test -->
  </suite> <!-- Suite -->
</testng-results>
